<?xml version="1.0" encoding="UTF-8"?>
<!-- Generated by org.testng.reporters.JUnitXMLReporter -->
<testsuite ignored="1" hostname="LAPTOP-5KMFOFH9" failures="0" tests="3" name="Default test" time="16.714" errors="0" timestamp="2023-08-09T20:46:31 IST">
  <testcase classname="com.SwagLabs.TestCase.OverviewPageTest" name="verifyTitle" time="0.015"/>
  <testcase classname="com.SwagLabs.TestCase.OverviewPageTest" name="verifySummary" time="0.037"/>
  <testcase classname="com.SwagLabs.TestCase.OverviewPageTest" name="verifyFinish" time="0.192"/>
  <testcase classname="com.SwagLabs.TestCase.OverviewPageTest" name="verifyCancel" time="0.0">
    <ignored/>
  </testcase> <!-- verifyCancel -->
</testsuite> <!-- Default test -->
