<?xml version="1.0" encoding="UTF-8"?>
<!-- Generated by org.testng.reporters.JUnitXMLReporter -->
<testsuite ignored="1" hostname="LAPTOP-5KMFOFH9" failures="0" tests="3" name="Test" time="16.473" errors="0" timestamp="2023-08-17T20:25:49 IST">
  <testcase classname="com.SwagLabs.TestCase.OverviewPageTest" name="verifyTitle" time="0.017"/>
  <testcase classname="com.SwagLabs.TestCase.OverviewPageTest" name="verifySummary" time="0.036"/>
  <testcase classname="com.SwagLabs.TestCase.OverviewPageTest" name="verifyFinish" time="0.15"/>
  <testcase classname="com.SwagLabs.TestCase.OverviewPageTest" name="verifyCancel" time="0.0">
    <ignored/>
  </testcase> <!-- verifyCancel -->
</testsuite> <!-- Test -->
