<?xml version="1.0" encoding="UTF-8"?>
<!-- Generated by org.testng.reporters.JUnitXMLReporter -->
<testsuite ignored="1" hostname="LAPTOP-5KMFOFH9" failures="0" tests="3" name="Test" time="17.501" errors="0" timestamp="2023-08-24T20:36:23 IST">
  <testcase classname="com.SwagLabs.TestCase.OverviewPageTest" name="verifyTitle" time="0.009"/>
  <testcase classname="com.SwagLabs.TestCase.OverviewPageTest" name="verifySummary" time="0.034"/>
  <testcase classname="com.SwagLabs.TestCase.OverviewPageTest" name="verifyFinish" time="0.148"/>
  <testcase classname="com.SwagLabs.TestCase.OverviewPageTest" name="verifyCancel" time="0.0">
    <ignored/>
  </testcase> <!-- verifyCancel -->
</testsuite> <!-- Test -->
